mode: set
github.com/jrschumacher/go-viteenv/example/main.go:3.14,4.2 0 0
github.com/jrschumacher/go-viteenv/pkg/injectWebEnv.go:23.78,27.16 3 0
github.com/jrschumacher/go-viteenv/pkg/injectWebEnv.go:27.16,29.3 1 0
github.com/jrschumacher/go-viteenv/pkg/injectWebEnv.go:32.2,44.51 4 0
github.com/jrschumacher/go-viteenv/pkg/injectWebEnv.go:44.51,46.3 1 0
github.com/jrschumacher/go-viteenv/pkg/injectWebEnv.go:49.2,50.83 2 0
github.com/jrschumacher/go-viteenv/pkg/injectWebEnv.go:50.83,51.17 1 0
github.com/jrschumacher/go-viteenv/pkg/injectWebEnv.go:51.17,53.4 1 0
github.com/jrschumacher/go-viteenv/pkg/injectWebEnv.go:56.3,56.16 1 0
github.com/jrschumacher/go-viteenv/pkg/injectWebEnv.go:56.16,57.52 1 0
github.com/jrschumacher/go-viteenv/pkg/injectWebEnv.go:57.52,59.5 1 0
github.com/jrschumacher/go-viteenv/pkg/injectWebEnv.go:60.4,60.14 1 0
github.com/jrschumacher/go-viteenv/pkg/injectWebEnv.go:64.3,65.17 2 0
github.com/jrschumacher/go-viteenv/pkg/injectWebEnv.go:65.17,67.4 1 0
github.com/jrschumacher/go-viteenv/pkg/injectWebEnv.go:68.3,72.17 3 0
github.com/jrschumacher/go-viteenv/pkg/injectWebEnv.go:72.17,74.4 1 0
github.com/jrschumacher/go-viteenv/pkg/injectWebEnv.go:77.3,77.27 1 0
github.com/jrschumacher/go-viteenv/pkg/injectWebEnv.go:77.27,79.18 2 0
github.com/jrschumacher/go-viteenv/pkg/injectWebEnv.go:79.18,81.5 1 0
github.com/jrschumacher/go-viteenv/pkg/injectWebEnv.go:82.4,82.22 1 0
github.com/jrschumacher/go-viteenv/pkg/injectWebEnv.go:86.3,86.66 1 0
github.com/jrschumacher/go-viteenv/pkg/injectWebEnv.go:86.66,88.4 1 0
github.com/jrschumacher/go-viteenv/pkg/injectWebEnv.go:90.3,90.13 1 0
github.com/jrschumacher/go-viteenv/pkg/injectWebEnv.go:93.2,93.17 1 0
github.com/jrschumacher/go-viteenv/pkg/injectWebEnv.go:96.66,101.16 3 0
github.com/jrschumacher/go-viteenv/pkg/injectWebEnv.go:101.16,103.3 1 0
github.com/jrschumacher/go-viteenv/pkg/injectWebEnv.go:106.2,107.20 2 0
github.com/jrschumacher/go-viteenv/pkg/injectWebEnv.go:107.20,109.3 1 0
github.com/jrschumacher/go-viteenv/pkg/injectWebEnv.go:112.2,115.45 2 0
github.com/jrschumacher/go-viteenv/pkg/injectWebEnv.go:115.45,117.3 1 0
github.com/jrschumacher/go-viteenv/pkg/injectWebEnv.go:118.2,118.15 1 0
github.com/jrschumacher/go-viteenv/pkg/injectWebEnv.go:121.40,123.52 1 1
github.com/jrschumacher/go-viteenv/pkg/injectWebEnv.go:123.52,125.3 1 1
github.com/jrschumacher/go-viteenv/pkg/injectWebEnv.go:128.2,128.52 1 1
github.com/jrschumacher/go-viteenv/pkg/injectWebEnv.go:128.52,130.3 1 1
github.com/jrschumacher/go-viteenv/pkg/injectWebEnv.go:133.2,133.53 1 1
github.com/jrschumacher/go-viteenv/pkg/injectWebEnv.go:133.53,134.39 1 1
github.com/jrschumacher/go-viteenv/pkg/injectWebEnv.go:134.39,136.4 1 1
github.com/jrschumacher/go-viteenv/pkg/injectWebEnv.go:140.2,140.12 1 1
github.com/jrschumacher/go-viteenv/pkg/staticFileServerHandler.go:21.60,22.63 1 0
github.com/jrschumacher/go-viteenv/pkg/staticFileServerHandler.go:22.63,25.3 2 0
github.com/jrschumacher/go-viteenv/pkg/staticFileServerHandler.go:28.60,29.63 1 0
github.com/jrschumacher/go-viteenv/pkg/staticFileServerHandler.go:29.63,32.3 2 0
github.com/jrschumacher/go-viteenv/pkg/staticFileServerHandler.go:35.60,36.63 1 0
github.com/jrschumacher/go-viteenv/pkg/staticFileServerHandler.go:36.63,39.3 2 0
github.com/jrschumacher/go-viteenv/pkg/staticFileServerHandler.go:42.123,47.23 2 0
github.com/jrschumacher/go-viteenv/pkg/staticFileServerHandler.go:47.23,49.3 1 0
github.com/jrschumacher/go-viteenv/pkg/staticFileServerHandler.go:52.2,53.16 2 0
github.com/jrschumacher/go-viteenv/pkg/staticFileServerHandler.go:53.16,55.3 1 0
github.com/jrschumacher/go-viteenv/pkg/staticFileServerHandler.go:58.2,61.71 2 0
github.com/jrschumacher/go-viteenv/pkg/staticFileServerHandler.go:61.71,63.24 1 0
github.com/jrschumacher/go-viteenv/pkg/staticFileServerHandler.go:63.24,66.4 2 0
github.com/jrschumacher/go-viteenv/pkg/staticFileServerHandler.go:69.3,72.70 3 0
github.com/jrschumacher/go-viteenv/pkg/staticFileServerHandler.go:72.70,74.49 1 0
github.com/jrschumacher/go-viteenv/pkg/staticFileServerHandler.go:74.49,78.5 1 0
github.com/jrschumacher/go-viteenv/pkg/staticFileServerHandler.go:81.4,81.33 1 0
github.com/jrschumacher/go-viteenv/pkg/staticFileServerHandler.go:81.33,83.5 1 0
github.com/jrschumacher/go-viteenv/pkg/staticFileServerHandler.go:83.10,85.5 1 0
github.com/jrschumacher/go-viteenv/pkg/staticFileServerHandler.go:86.4,86.10 1 0
github.com/jrschumacher/go-viteenv/pkg/staticFileServerHandler.go:87.9,87.24 1 0
github.com/jrschumacher/go-viteenv/pkg/staticFileServerHandler.go:87.24,89.49 1 0
github.com/jrschumacher/go-viteenv/pkg/staticFileServerHandler.go:89.49,93.5 1 0
github.com/jrschumacher/go-viteenv/pkg/staticFileServerHandler.go:95.4,95.20 1 0
github.com/jrschumacher/go-viteenv/pkg/staticFileServerHandler.go:96.9,99.4 1 0
github.com/jrschumacher/go-viteenv/pkg/staticFileServerHandler.go:102.3,102.29 1 0
